<?xml version="1.0" encoding="UTF-8"?>
<!-- Generated by org.testng.reporters.JUnitReportReporter -->
<testsuite hostname="Desktop-22" failures="0" tests="2" name="Dashboard.Customer_Landing_Test_Cases.TC_08_TC_09_Verify_Timeline_For_DNA_Tests" time="116.716" errors="0" timestamp="2025-07-30T18:48:43 IST" skipped="0">
  <testcase classname="Dashboard.Customer_Landing_Test_Cases.TC_08_TC_09_Verify_Timeline_For_DNA_Tests" name="TC_09_Verify_timeline_for_rejected_DNA_sample" time="27.594"/>
  <system-out/>
  <testcase classname="Dashboard.Customer_Landing_Test_Cases.TC_08_TC_09_Verify_Timeline_For_DNA_Tests" name="TC_08_Verify_timeline_for_DNA_tests" time="89.122"/>
  <system-out/>
</testsuite> <!-- Dashboard.Customer_Landing_Test_Cases.TC_08_TC_09_Verify_Timeline_For_DNA_Tests -->
