<?xml version="1.0" encoding="UTF-8"?>
<!-- Generated by org.testng.reporters.JUnitReportReporter -->
<testsuite hostname="Desktop-22" failures="0" tests="2" name="Dashboard.Login_Logout_Test_Cases.TC_02_TC_03_Verify_Login_With_Invalid_Email_And_Password" time="5.404" errors="0" timestamp="2025-07-30T18:48:43 IST" skipped="0">
  <testcase classname="Dashboard.Login_Logout_Test_Cases.TC_02_TC_03_Verify_Login_With_Invalid_Email_And_Password" name="TC_02_Verify_login_with_invalid_email_and_password" time="3.320"/>
  <system-out/>
  <testcase classname="Dashboard.Login_Logout_Test_Cases.TC_02_TC_03_Verify_Login_With_Invalid_Email_And_Password" name="TC_03_Verify_error_message_with_incorrect_email" time="2.084"/>
  <system-out/>
</testsuite> <!-- Dashboard.Login_Logout_Test_Cases.TC_02_TC_03_Verify_Login_With_Invalid_Email_And_Password -->
