<?xml version="1.0" encoding="UTF-8"?>
<!-- Generated by org.testng.reporters.JUnitReportReporter -->
<testsuite hostname="Desktop-22" failures="0" tests="1" name="Dashboard.Customer_Landing_Test_Cases.TC_46_Verify_Pictorial_Scale_For_Biomarker_Report" time="219.008" errors="0" timestamp="2025-07-18T15:44:23 IST" skipped="0">
  <testcase classname="Dashboard.Customer_Landing_Test_Cases.TC_46_Verify_Pictorial_Scale_For_Biomarker_Report" name="TC_46_Verify_pictorial_scale_for_biomarker_report" time="219.008"/>
  <system-out/>
</testsuite> <!-- Dashboard.Customer_Landing_Test_Cases.TC_46_Verify_Pictorial_Scale_For_Biomarker_Report -->
