<?xml version="1.0" encoding="UTF-8"?>
<!-- Generated by org.testng.reporters.JUnitReportReporter -->
<testsuite hostname="Desktop-22" failures="0" tests="5" name="Dashboard.Activate_Test_Kit_Test_Cases.TC_23_To_TC_27_Verify_Screen_Resolution_Sizes" time="14.656" errors="0" timestamp="2025-07-31T18:26:01 IST" skipped="0">
  <testcase classname="Dashboard.Activate_Test_Kit_Test_Cases.TC_23_To_TC_27_Verify_Screen_Resolution_Sizes" name="TC_26_Verify_screen_resolution_sizes_shows_all_webelements_properly_in_iPhone8" time="2.793"/>
  <system-out/>
  <testcase classname="Dashboard.Activate_Test_Kit_Test_Cases.TC_23_To_TC_27_Verify_Screen_Resolution_Sizes" name="TC_25_Verify_screen_resolution_sizes_shows_all_webelements_properly_in_tablet" time="2.732"/>
  <system-out/>
  <testcase classname="Dashboard.Activate_Test_Kit_Test_Cases.TC_23_To_TC_27_Verify_Screen_Resolution_Sizes" name="TC_27_Verify_screen_resolution_sizes_shows_all_webelements_properly_in_iPhoneXR" time="2.854"/>
  <system-out/>
  <testcase classname="Dashboard.Activate_Test_Kit_Test_Cases.TC_23_To_TC_27_Verify_Screen_Resolution_Sizes" name="TC_24_Verify_screen_resolution_sizes_shows_all_webelements_properly_in_laptop" time="2.502"/>
  <system-out/>
  <testcase classname="Dashboard.Activate_Test_Kit_Test_Cases.TC_23_To_TC_27_Verify_Screen_Resolution_Sizes" name="TC_23_Verify_screen_resolution_sizes_shows_all_webelements_properly_in_full_desktop" time="3.775"/>
  <system-out/>
</testsuite> <!-- Dashboard.Activate_Test_Kit_Test_Cases.TC_23_To_TC_27_Verify_Screen_Resolution_Sizes -->
