<?xml version="1.0" encoding="UTF-8"?>
<!-- Generated by org.testng.reporters.JUnitReportReporter -->
<testsuite hostname="Desktop-22" failures="0" tests="1" name="Dashboard.Activate_Test_Kit_Test_Cases.TC_38_Verify_Tooltip_On_How_To_Page" time="103.179" errors="0" timestamp="2025-07-31T18:26:01 IST" skipped="0">
  <testcase classname="Dashboard.Activate_Test_Kit_Test_Cases.TC_38_Verify_Tooltip_On_How_To_Page" name="TC_38_Verify_tooltip_on_how_to_page" time="103.179"/>
  <system-out/>
</testsuite> <!-- Dashboard.Activate_Test_Kit_Test_Cases.TC_38_Verify_Tooltip_On_How_To_Page -->
