<?xml version="1.0" encoding="UTF-8"?>
<!-- Generated by org.testng.reporters.JUnitReportReporter -->
<testsuite hostname="Desktop-22" failures="0" tests="1" name="Dashboard.Activate_Test_Kit_Test_Cases.TC_33_Verify_Placeholders" time="12.575" errors="0" timestamp="2025-07-31T18:26:01 IST" skipped="0">
  <testcase classname="Dashboard.Activate_Test_Kit_Test_Cases.TC_33_Verify_Placeholders" name="TC_33_Verify_placeholders_for_barcode_and_tracking_number" time="12.575"/>
  <system-out/>
</testsuite> <!-- Dashboard.Activate_Test_Kit_Test_Cases.TC_33_Verify_Placeholders -->
