<?xml version="1.0" encoding="UTF-8"?>
<!-- Generated by org.testng.reporters.JUnitReportReporter -->
<testsuite hostname="Desktop-22" failures="0" tests="1" name="Dashboard.Activate_Test_Kit_Test_Cases.TC_36_Verify_Personal_Details_Does_Not_Erase_If_Go_Back_Page" time="104.872" errors="0" timestamp="2025-07-31T18:26:01 IST" skipped="0">
  <testcase classname="Dashboard.Activate_Test_Kit_Test_Cases.TC_36_Verify_Personal_Details_Does_Not_Erase_If_Go_Back_Page" name="TC_36_Verify_personal_details_does_not_erase_if_go_back_page" time="104.872"/>
  <system-out/>
</testsuite> <!-- Dashboard.Activate_Test_Kit_Test_Cases.TC_36_Verify_Personal_Details_Does_Not_Erase_If_Go_Back_Page -->
