<?xml version="1.0" encoding="UTF-8"?>
<!-- Generated by org.testng.reporters.JUnitReportReporter -->
<testsuite hostname="Desktop-22" failures="0" tests="1" name="Dashboard.Customer_Landing_Test_Cases.TC_24_Verify_The_Dashboard_Update_For_DNA_Test_With_Result_Published" time="159.350" errors="0" timestamp="2025-07-14T16:39:51 IST" skipped="0">
  <testcase classname="Dashboard.Customer_Landing_Test_Cases.TC_24_Verify_The_Dashboard_Update_For_DNA_Test_With_Result_Published" name="TC_24_Verify_the_dashboard_update_for_DNA_test_with_result_published" time="159.350"/>
  <system-out/>
</testsuite> <!-- Dashboard.Customer_Landing_Test_Cases.TC_24_Verify_The_Dashboard_Update_For_DNA_Test_With_Result_Published -->
