<?xml version="1.0" encoding="UTF-8"?>
<!-- Generated by org.testng.reporters.JUnitReportReporter -->
<testsuite hostname="Desktop-22" failures="0" tests="1" name="Dashboard.Customer_Landing_Test_Cases.TC_05_Verify_The_Timeline_Of_Incomplete_Activated_Test_Kit" time="91.889" errors="0" timestamp="2025-07-30T18:48:43 IST" skipped="0">
  <testcase classname="Dashboard.Customer_Landing_Test_Cases.TC_05_Verify_The_Timeline_Of_Incomplete_Activated_Test_Kit" name="TC_05_Verify_the_timeline_of_incomplete_activated_test_kit" time="91.889"/>
  <system-out/>
</testsuite> <!-- Dashboard.Customer_Landing_Test_Cases.TC_05_Verify_The_Timeline_Of_Incomplete_Activated_Test_Kit -->
