<?xml version="1.0" encoding="UTF-8"?>
<!-- Generated by org.testng.reporters.JUnitReportReporter -->
<testsuite hostname="Desktop-22" failures="0" tests="1" name="Dashboard.Activate_Test_Kit_Test_Cases.TC_34_Verify_Empty_Feilds_Required_Icon" time="17.147" errors="0" timestamp="2025-07-31T18:26:01 IST" skipped="0">
  <testcase classname="Dashboard.Activate_Test_Kit_Test_Cases.TC_34_Verify_Empty_Feilds_Required_Icon" name="TC_34_Verify_empty_feilds_required_icon" time="17.147"/>
  <system-out/>
</testsuite> <!-- Dashboard.Activate_Test_Kit_Test_Cases.TC_34_Verify_Empty_Feilds_Required_Icon -->
