<?xml version="1.0" encoding="UTF-8"?>
<!-- Generated by org.testng.reporters.JUnitReportReporter -->
<testsuite hostname="Desktop-22" failures="0" tests="1" name="Dashboard.Activate_Test_Kit_Test_Cases.TC_05_Verify_System_Allows_User_To_Activate_Kit_For_InComplete_Activation_Process" time="79.688" errors="0" timestamp="2025-07-31T18:26:01 IST" skipped="0">
  <testcase classname="Dashboard.Activate_Test_Kit_Test_Cases.TC_05_Verify_System_Allows_User_To_Activate_Kit_For_InComplete_Activation_Process" name="TC_05_Verify_system_allows_user_to_activate_kit_for_incomplete_activation_process" time="79.688"/>
  <system-out/>
</testsuite> <!-- Dashboard.Activate_Test_Kit_Test_Cases.TC_05_Verify_System_Allows_User_To_Activate_Kit_For_InComplete_Activation_Process -->
