<?xml version="1.0" encoding="UTF-8"?>
<!-- Generated by org.testng.reporters.JUnitReportReporter -->
<testsuite hostname="Desktop-22" failures="0" tests="1" name="Dashboard.Login_Logout_Test_Cases.TC_10_Check_The_Password_Visibility_Toggle" time="1.758" errors="0" timestamp="2025-07-30T18:48:43 IST" skipped="0">
  <testcase classname="Dashboard.Login_Logout_Test_Cases.TC_10_Check_The_Password_Visibility_Toggle" name="TC_10_Check_the_password_visibility_toggle" time="1.758"/>
  <system-out/>
</testsuite> <!-- Dashboard.Login_Logout_Test_Cases.TC_10_Check_The_Password_Visibility_Toggle -->
