<?xml version="1.0" encoding="UTF-8"?>
<!-- Generated by org.testng.reporters.JUnitReportReporter -->
<testsuite hostname="Desktop-22" failures="0" tests="1" name="Dashboard.Health_Assessment_Test_Cases.TC_39_Verify_System_Handles_Special_Characters_Correctly_In_Text_Input_Fields" time="46.347" errors="0" timestamp="2025-07-30T18:48:43 IST" skipped="0">
  <testcase classname="Dashboard.Health_Assessment_Test_Cases.TC_39_Verify_System_Handles_Special_Characters_Correctly_In_Text_Input_Fields" name="TC_39_Verify_system_handles_special_characters_correctly_in_text_input_fields" time="46.347"/>
  <system-out/>
</testsuite> <!-- Dashboard.Health_Assessment_Test_Cases.TC_39_Verify_System_Handles_Special_Characters_Correctly_In_Text_Input_Fields -->
