<?xml version="1.0" encoding="UTF-8"?>
<!-- Generated by org.testng.reporters.JUnitReportReporter -->
<testsuite hostname="Desktop-22" failures="0" tests="2" name="Dashboard.Customer_Landing_Test_Cases.TC_41_TC_54_Verify_Timeline_Icon_Design" time="168.664" errors="0" timestamp="2025-07-21T15:24:39 IST" skipped="0">
  <testcase classname="Dashboard.Customer_Landing_Test_Cases.TC_41_TC_54_Verify_Timeline_Icon_Design" name="TC_54_Verify_visual_consistency_of_timeline_steps_across_tests" time="0.129"/>
  <system-out/>
  <testcase classname="Dashboard.Customer_Landing_Test_Cases.TC_41_TC_54_Verify_Timeline_Icon_Design" name="TC_41_Verify_timeline_icon_design" time="168.535"/>
  <system-out/>
</testsuite> <!-- Dashboard.Customer_Landing_Test_Cases.TC_41_TC_54_Verify_Timeline_Icon_Design -->
