<?xml version="1.0" encoding="UTF-8"?>
<!-- Generated by org.testng.reporters.JUnitReportReporter -->
<testsuite hostname="Desktop-22" failures="0" tests="1" name="Dashboard.Activate_Test_Kit_Test_Cases.TC_30_Verify_User_Cant_Goto_Activation_Confirmation_Page_Without_Completing_All_Previous_Steps" time="51.121" errors="0" timestamp="2025-07-31T18:26:01 IST" skipped="0">
  <testcase classname="Dashboard.Activate_Test_Kit_Test_Cases.TC_30_Verify_User_Cant_Goto_Activation_Confirmation_Page_Without_Completing_All_Previous_Steps" name="TC_30_Verify_user_cant_goto_activation_confirmation_page_without_completing_all_previous_steps" time="51.121"/>
  <system-out/>
</testsuite> <!-- Dashboard.Activate_Test_Kit_Test_Cases.TC_30_Verify_User_Cant_Goto_Activation_Confirmation_Page_Without_Completing_All_Previous_Steps -->
