<?xml version="1.0" encoding="UTF-8"?>
<!-- Generated by org.testng.reporters.JUnitReportReporter -->
<testsuite hostname="Desktop-22" failures="0" tests="1" name="Dashboard.Activate_Test_Kit_Test_Cases.TC_22_Verify_System_Does_Not_Allow_To_Activate_Kit_More_Than_One_Time" time="22.073" errors="0" timestamp="2025-07-31T18:26:01 IST" skipped="0">
  <testcase classname="Dashboard.Activate_Test_Kit_Test_Cases.TC_22_Verify_System_Does_Not_Allow_To_Activate_Kit_More_Than_One_Time" name="TC_22_Verify_system_does_not_allow_to_activate_kit_more_than_one_time" time="22.073"/>
  <system-out/>
</testsuite> <!-- Dashboard.Activate_Test_Kit_Test_Cases.TC_22_Verify_System_Does_Not_Allow_To_Activate_Kit_More_Than_One_Time -->
