<?xml version="1.0" encoding="UTF-8"?>
<!-- Generated by org.testng.reporters.JUnitReportReporter -->
<testsuite hostname="Desktop-22" failures="0" tests="2" name="Dashboard.Activate_Test_Kit_Test_Cases.TC_39_TC_41_Verify_Error_For_Invalid_Barcode" time="19.724" errors="0" timestamp="2025-07-31T18:26:01 IST" skipped="0">
  <testcase classname="Dashboard.Activate_Test_Kit_Test_Cases.TC_39_TC_41_Verify_Error_For_Invalid_Barcode" name="TC_41_Verify_error_msg_for_invalid_barcode" time="19.524"/>
  <system-out/>
  <testcase classname="Dashboard.Activate_Test_Kit_Test_Cases.TC_39_TC_41_Verify_Error_For_Invalid_Barcode" name="TC_39_Verify_system_does_not_show_sensitive_information_in_error_message" time="0.200"/>
  <system-out/>
</testsuite> <!-- Dashboard.Activate_Test_Kit_Test_Cases.TC_39_TC_41_Verify_Error_For_Invalid_Barcode -->
