<?xml version="1.0" encoding="UTF-8"?>
<!-- Generated by org.testng.reporters.JUnitReportReporter -->
<testsuite hostname="Desktop-22" failures="0" tests="1" name="Dashboard.Customer_Landing_Test_Cases.TC_06_Verify_The_Timeline_For_Rejected_Test_Kit" time="126.845" errors="0" timestamp="2025-07-30T18:48:43 IST" skipped="0">
  <testcase classname="Dashboard.Customer_Landing_Test_Cases.TC_06_Verify_The_Timeline_For_Rejected_Test_Kit" name="TC_06_Verify_the_timeline_for_rejected_test_kit" time="126.845"/>
  <system-out/>
</testsuite> <!-- Dashboard.Customer_Landing_Test_Cases.TC_06_Verify_The_Timeline_For_Rejected_Test_Kit -->
