<?xml version="1.0" encoding="UTF-8"?>
<!-- Generated by org.testng.reporters.JUnitReportReporter -->
<testsuite hostname="Desktop-22" failures="0" tests="10" name="Tims.Barcode_Batches_Test_Cases.TC_01_Verify_The_Presence_Of_Create_Blood_Batch_Button_On_The_Barcode_Batches_Page" time="19.615" errors="0" timestamp="2025-07-28T16:31:52 IST" skipped="0">
  <testcase classname="Tims.Barcode_Batches_Test_Cases.TC_01_Verify_The_Presence_Of_Create_Blood_Batch_Button_On_The_Barcode_Batches_Page" name="TC_09_Verify_the_Customer_dropdown" time="0.697"/>
  <system-out/>
  <testcase classname="Tims.Barcode_Batches_Test_Cases.TC_01_Verify_The_Presence_Of_Create_Blood_Batch_Button_On_The_Barcode_Batches_Page" name="TC_05_Verify_that_no_invalid_options_are_available_in_the_type_dropdown" time="0.332"/>
  <system-out/>
  <testcase classname="Tims.Barcode_Batches_Test_Cases.TC_01_Verify_The_Presence_Of_Create_Blood_Batch_Button_On_The_Barcode_Batches_Page" name="TC_04_Verify_the_subtype_dropdown_contains_all_valid_options" time="0.470"/>
  <system-out/>
  <testcase classname="Tims.Barcode_Batches_Test_Cases.TC_01_Verify_The_Presence_Of_Create_Blood_Batch_Button_On_The_Barcode_Batches_Page" name="TC_06_Verify_the_count_field_displays_the_help_text" time="0.253"/>
  <system-out/>
  <testcase classname="Tims.Barcode_Batches_Test_Cases.TC_01_Verify_The_Presence_Of_Create_Blood_Batch_Button_On_The_Barcode_Batches_Page" name="TC_02_Verify_that_clicking_the_create_blood_batch_button_opens_the_form" time="0.214"/>
  <system-out/>
  <testcase classname="Tims.Barcode_Batches_Test_Cases.TC_01_Verify_The_Presence_Of_Create_Blood_Batch_Button_On_The_Barcode_Batches_Page" name="TC_03_Verify_the_type_dropdown_contains_only_blood" time="0.431"/>
  <system-out/>
  <testcase classname="Tims.Barcode_Batches_Test_Cases.TC_01_Verify_The_Presence_Of_Create_Blood_Batch_Button_On_The_Barcode_Batches_Page" name="TC_10_Verify_the_system_displays_an_error_when_mandatory_fields_Type_Sub_Type_Count_are_left_empty" time="0.510"/>
  <system-out/>
  <testcase classname="Tims.Barcode_Batches_Test_Cases.TC_01_Verify_The_Presence_Of_Create_Blood_Batch_Button_On_The_Barcode_Batches_Page" name="TC_13_Verify_the_Cancel_button_closes_the_form_without_saving_changes" time="2.621"/>
  <system-out/>
  <testcase classname="Tims.Barcode_Batches_Test_Cases.TC_01_Verify_The_Presence_Of_Create_Blood_Batch_Button_On_The_Barcode_Batches_Page" name="TC_01_Verify_the_presence_of_create_blood_batch_button_on_the_barcode_batches_page" time="13.738"/>
  <system-out/>
  <testcase classname="Tims.Barcode_Batches_Test_Cases.TC_01_Verify_The_Presence_Of_Create_Blood_Batch_Button_On_The_Barcode_Batches_Page" name="TC_08_Verify_the_comment_field_is_present_and_allows_input" time="0.349"/>
  <system-out/>
</testsuite> <!-- Tims.Barcode_Batches_Test_Cases.TC_01_Verify_The_Presence_Of_Create_Blood_Batch_Button_On_The_Barcode_Batches_Page -->
