<?xml version="1.0" encoding="UTF-8"?>
<!-- Generated by org.testng.reporters.JUnitReportReporter -->
<testsuite hostname="Desktop-22" failures="0" tests="1" name="Dashboard.Create_Account_Test_Cases.TC_01_Verify_That_The_Create_Account_Page_Loads_Correctly" time="2.475" errors="0" timestamp="2025-08-05T12:25:57 IST" skipped="0">
  <testcase classname="Dashboard.Create_Account_Test_Cases.TC_01_Verify_That_The_Create_Account_Page_Loads_Correctly" name="TC_01_Verify_that_the_create_account_page_loads_correctly" time="2.475"/>
  <system-out/>
</testsuite> <!-- Dashboard.Create_Account_Test_Cases.TC_01_Verify_That_The_Create_Account_Page_Loads_Correctly -->
