<?xml version="1.0" encoding="UTF-8"?>
<!-- Generated by org.testng.reporters.JUnitReportReporter -->
<testsuite hostname="Desktop-22" failures="0" tests="1" name="Dashboard.Activate_Test_Kit_Test_Cases.TC_32_Verify_Double_Barcode_For_How_To_Page_With_12_Elements" time="101.841" errors="0" timestamp="2025-07-31T18:26:01 IST" skipped="0">
  <testcase classname="Dashboard.Activate_Test_Kit_Test_Cases.TC_32_Verify_Double_Barcode_For_How_To_Page_With_12_Elements" name="TC_32_Verify_double_barcode_for_how_to_page_with_12_elements" time="101.841"/>
  <system-out/>
</testsuite> <!-- Dashboard.Activate_Test_Kit_Test_Cases.TC_32_Verify_Double_Barcode_For_How_To_Page_With_12_Elements -->
