<?xml version="1.0" encoding="UTF-8"?>
<!-- Generated by org.testng.reporters.JUnitReportReporter -->
<testsuite hostname="Desktop-22" failures="0" tests="1" name="Dashboard.Reset_Password_Test_Cases.TC_11_Verify_Reset_Password_Functionality_With_Expired_Reset_Link" time="2.463" errors="0" timestamp="2025-07-30T18:48:43 IST" skipped="0">
  <testcase classname="Dashboard.Reset_Password_Test_Cases.TC_11_Verify_Reset_Password_Functionality_With_Expired_Reset_Link" name="TC_11_Verify_reset_password_functionality_with_expired_reset_link" time="2.463"/>
  <system-out/>
</testsuite> <!-- Dashboard.Reset_Password_Test_Cases.TC_11_Verify_Reset_Password_Functionality_With_Expired_Reset_Link -->
