<?xml version="1.0" encoding="UTF-8"?>
<!-- Generated by org.testng.reporters.JUnitReportReporter -->
<testsuite hostname="Desktop-22" failures="0" tests="3" name="Tims.Barcode_Batches_Test_Cases.TC_14_Verify_The_Form_Title_Is_Create_Blood_Batch" time="16.985" errors="0" timestamp="2025-07-24T15:40:53 IST" skipped="0">
  <testcase classname="Tims.Barcode_Batches_Test_Cases.TC_14_Verify_The_Form_Title_Is_Create_Blood_Batch" name="TC_12_Verify_the_toaster_after_successful_submission" time="0.455"/>
  <system-out/>
  <testcase classname="Tims.Barcode_Batches_Test_Cases.TC_14_Verify_The_Form_Title_Is_Create_Blood_Batch" name="TC_14_Verify_the_form_title_is_create_blood_batch" time="13.182"/>
  <system-out/>
  <testcase classname="Tims.Barcode_Batches_Test_Cases.TC_14_Verify_The_Form_Title_Is_Create_Blood_Batch" name="TC_11_Verify_successful_submission_of_blood_batch" time="3.348"/>
  <system-out/>
</testsuite> <!-- Tims.Barcode_Batches_Test_Cases.TC_14_Verify_The_Form_Title_Is_Create_Blood_Batch -->
