<?xml version="1.0" encoding="UTF-8"?>
<!-- Generated by org.testng.reporters.JUnitReportReporter -->
<testsuite hostname="Desktop-22" failures="0" tests="1" name="Dashboard.Activate_Test_Kit_Test_Cases.TC_04_Verify_Large_Input_In_Barcode_Field" time="13.838" errors="0" timestamp="2025-07-31T18:26:01 IST" skipped="0">
  <testcase classname="Dashboard.Activate_Test_Kit_Test_Cases.TC_04_Verify_Large_Input_In_Barcode_Field" name="TC_04_Verify_handling_of_extremely_large_input_in_barcode_field" time="13.838"/>
  <system-out/>
</testsuite> <!-- Dashboard.Activate_Test_Kit_Test_Cases.TC_04_Verify_Large_Input_In_Barcode_Field -->
