<?xml version="1.0" encoding="UTF-8"?>
<!-- Generated by org.testng.reporters.JUnitReportReporter -->
<testsuite hostname="Desktop-22" failures="0" tests="1" name="Dashboard.Create_Account_Test_Cases.TC_12_Verify_Already_Exisitng_Account_Error" time="7.952" errors="0" timestamp="2025-08-05T12:25:57 IST" skipped="0">
  <testcase classname="Dashboard.Create_Account_Test_Cases.TC_12_Verify_Already_Exisitng_Account_Error" name="TC_12_Verify_already_exisitng_account_error" time="7.952"/>
  <system-out/>
</testsuite> <!-- Dashboard.Create_Account_Test_Cases.TC_12_Verify_Already_Exisitng_Account_Error -->
