<?xml version="1.0" encoding="UTF-8"?>
<!-- Generated by org.testng.reporters.JUnitReportReporter -->
<testsuite hostname="Desktop-22" failures="0" tests="1" name="Dashboard.Activate_Test_Kit_Test_Cases.TC_03_Verify_Error_With_Empty_Fields_For_Barcode_And_Tracking_Number" time="15.233" errors="0" timestamp="2025-07-31T18:26:01 IST" skipped="0">
  <testcase classname="Dashboard.Activate_Test_Kit_Test_Cases.TC_03_Verify_Error_With_Empty_Fields_For_Barcode_And_Tracking_Number" name="TC_03_Verify_error_msg_with_empty_fields_for_barcode_and_tracking_number" time="15.233"/>
  <system-out/>
</testsuite> <!-- Dashboard.Activate_Test_Kit_Test_Cases.TC_03_Verify_Error_With_Empty_Fields_For_Barcode_And_Tracking_Number -->
