<?xml version="1.0" encoding="UTF-8"?>
<!-- Generated by org.testng.reporters.JUnitReportReporter -->
<testsuite hostname="Desktop-22" failures="0" tests="2" name="Dashboard.Health_Assessment_Test_Cases.TC_36_TC_37_Verify_Navigation_Buttons_Functionality_On_Health_Assessment_Page" time="37.164" errors="0" timestamp="2025-07-30T18:48:43 IST" skipped="0">
  <testcase classname="Dashboard.Health_Assessment_Test_Cases.TC_36_TC_37_Verify_Navigation_Buttons_Functionality_On_Health_Assessment_Page" name="TC_36_Verify_navigation_buttons_functionality_on_health_assessment_page" time="37.019"/>
  <system-out/>
  <testcase classname="Dashboard.Health_Assessment_Test_Cases.TC_36_TC_37_Verify_Navigation_Buttons_Functionality_On_Health_Assessment_Page" name="TC_37_Verify_a_progress_bar_is_displayed_if_the_health_assessment_is_multi_page" time="0.145"/>
  <system-out/>
</testsuite> <!-- Dashboard.Health_Assessment_Test_Cases.TC_36_TC_37_Verify_Navigation_Buttons_Functionality_On_Health_Assessment_Page -->
