<?xml version="1.0" encoding="UTF-8"?>
<!-- Generated by org.testng.reporters.JUnitReportReporter -->
<testsuite hostname="Desktop-22" failures="0" tests="1" name="Dashboard.Reset_Password_Test_Cases.TC_10_Verify_Reset_Password_Email_Link_Sent" time="4.101" errors="0" timestamp="2025-07-30T18:48:43 IST" skipped="0">
  <testcase classname="Dashboard.Reset_Password_Test_Cases.TC_10_Verify_Reset_Password_Email_Link_Sent" name="TC_10_Verify_reset_password_email_link_sent_verification" time="4.101"/>
  <system-out/>
</testsuite> <!-- Dashboard.Reset_Password_Test_Cases.TC_10_Verify_Reset_Password_Email_Link_Sent -->
