<?xml version="1.0" encoding="UTF-8"?>
<!-- Generated by org.testng.reporters.JUnitReportReporter -->
<testsuite hostname="Desktop-22" failures="0" tests="1" name="Dashboard.Customer_Landing_Test_Cases.TC_40_Verify_Layout_Consistency" time="17.713" errors="0" timestamp="2025-07-18T15:15:56 IST" skipped="0">
  <testcase classname="Dashboard.Customer_Landing_Test_Cases.TC_40_Verify_Layout_Consistency" name="TC_40_Verify_layout_consistency" time="17.713"/>
  <system-out/>
</testsuite> <!-- Dashboard.Customer_Landing_Test_Cases.TC_40_Verify_Layout_Consistency -->
