<?xml version="1.0" encoding="UTF-8"?>
<!-- Generated by org.testng.reporters.JUnitReportReporter -->
<testsuite hostname="Desktop-22" failures="0" tests="1" name="Dashboard.Customer_Landing_Test_Cases.TC_42_Verify_Button_Styles_And_Visibility" time="22.903" errors="0" timestamp="2025-07-22T10:57:38 IST" skipped="0">
  <testcase classname="Dashboard.Customer_Landing_Test_Cases.TC_42_Verify_Button_Styles_And_Visibility" name="TC_42_Verify_button_styles_and_visibility" time="22.903"/>
  <system-out/>
</testsuite> <!-- Dashboard.Customer_Landing_Test_Cases.TC_42_Verify_Button_Styles_And_Visibility -->
