<?xml version="1.0" encoding="UTF-8"?>
<!-- Generated by org.testng.reporters.JUnitReportReporter -->
<testsuite hostname="Desktop-22" failures="0" tests="1" name="Dashboard.Customer_Landing_Test_Cases.TC_22_TC_23_TC_25_Verify_Timeline_Update_For_DNA_Tests" time="137.726" errors="0" timestamp="2025-07-21T15:35:33 IST" skipped="0">
  <testcase classname="Dashboard.Customer_Landing_Test_Cases.TC_22_TC_23_TC_25_Verify_Timeline_Update_For_DNA_Tests" name="TC_22_Verify_timeline_update_for_DNA_tests" time="137.726"/>
  <system-out/>
</testsuite> <!-- Dashboard.Customer_Landing_Test_Cases.TC_22_TC_23_TC_25_Verify_Timeline_Update_For_DNA_Tests -->
