<?xml version="1.0" encoding="UTF-8"?>
<!-- Generated by org.testng.reporters.JUnitReportReporter -->
<testsuite hostname="Desktop-22" failures="0" tests="1" name="Dashboard.Create_Account_Test_Cases.TC_06_Verify_Empty_Last_Name" time="6.183" errors="0" timestamp="2025-08-05T12:25:57 IST" skipped="0">
  <testcase classname="Dashboard.Create_Account_Test_Cases.TC_06_Verify_Empty_Last_Name" name="TC_06_Verify_error_for_empty_last_name" time="6.183"/>
  <system-out/>
</testsuite> <!-- Dashboard.Create_Account_Test_Cases.TC_06_Verify_Empty_Last_Name -->
