<?xml version="1.0" encoding="UTF-8"?>
<!-- Generated by org.testng.reporters.JUnitReportReporter -->
<testsuite hostname="Desktop-22" failures="0" tests="1" name="Dashboard.Activate_Test_Kit_Test_Cases.TC_28_Verify_Webelements_Are_Labelled_Clearly" time="8.423" errors="0" timestamp="2025-07-31T18:26:01 IST" skipped="0">
  <testcase classname="Dashboard.Activate_Test_Kit_Test_Cases.TC_28_Verify_Webelements_Are_Labelled_Clearly" name="TC_28_Verify_webelements_are_labelled_clearly" time="8.423"/>
  <system-out/>
</testsuite> <!-- Dashboard.Activate_Test_Kit_Test_Cases.TC_28_Verify_Webelements_Are_Labelled_Clearly -->
