<?xml version="1.0" encoding="UTF-8"?>
<!-- Generated by org.testng.reporters.JUnitReportReporter -->
<testsuite hostname="Desktop-22" failures="0" tests="1" name="Dashboard.Login_Logout_Test_Cases.TC_07_Verify_Login_For_Password_Case_Insensitivity" time="3.325" errors="0" timestamp="2025-07-30T18:48:43 IST" skipped="0">
  <testcase classname="Dashboard.Login_Logout_Test_Cases.TC_07_Verify_Login_For_Password_Case_Insensitivity" name="TC_07_Verify_login_for_password_case_insensitivity" time="3.325"/>
  <system-out/>
</testsuite> <!-- Dashboard.Login_Logout_Test_Cases.TC_07_Verify_Login_For_Password_Case_Insensitivity -->
