<?xml version="1.0" encoding="UTF-8"?>
<!-- Generated by org.testng.reporters.JUnitReportReporter -->
<testsuite hostname="Desktop-22" failures="0" tests="1" name="Dashboard.Activate_Test_Kit_Test_Cases.TC_08_Verify_Activate_Test_Kit_For_Expired_Barcode" time="15.918" errors="0" timestamp="2025-07-31T18:26:01 IST" skipped="0">
  <testcase classname="Dashboard.Activate_Test_Kit_Test_Cases.TC_08_Verify_Activate_Test_Kit_For_Expired_Barcode" name="TC_08_Verify_activate_test_kit_for_expired_barcode" time="15.918"/>
  <system-out/>
</testsuite> <!-- Dashboard.Activate_Test_Kit_Test_Cases.TC_08_Verify_Activate_Test_Kit_For_Expired_Barcode -->
