<?xml version="1.0" encoding="UTF-8"?>
<!-- Generated by org.testng.reporters.JUnitReportReporter -->
<testsuite hostname="Desktop-22" failures="0" tests="1" name="Dashboard.Activate_Test_Kit_Test_Cases.TC_31_Verify_No_Data_Remians_On_Screen_If_Browser_Back_Is_Used_After_Logout" time="14.906" errors="0" timestamp="2025-07-31T18:26:01 IST" skipped="0">
  <testcase classname="Dashboard.Activate_Test_Kit_Test_Cases.TC_31_Verify_No_Data_Remians_On_Screen_If_Browser_Back_Is_Used_After_Logout" name="TC_30_Verify_user_cant_goto_activation_confirmation_page_without_completing_all_previous_steps" time="14.906"/>
  <system-out/>
</testsuite> <!-- Dashboard.Activate_Test_Kit_Test_Cases.TC_31_Verify_No_Data_Remians_On_Screen_If_Browser_Back_Is_Used_After_Logout -->
