<?xml version="1.0" encoding="UTF-8"?>
<!-- Generated by org.testng.reporters.JUnitReportReporter -->
<testsuite hostname="Desktop-22" failures="0" tests="1" name="Dashboard.Activate_Test_Kit_Test_Cases.TC_06_Verify_Error_For_Already_Used_Barcode" time="16.755" errors="0" timestamp="2025-07-31T18:26:01 IST" skipped="0">
  <testcase classname="Dashboard.Activate_Test_Kit_Test_Cases.TC_06_Verify_Error_For_Already_Used_Barcode" name="TC_06_Verify_error_for_already_used_barcode" time="16.755"/>
  <system-out/>
</testsuite> <!-- Dashboard.Activate_Test_Kit_Test_Cases.TC_06_Verify_Error_For_Already_Used_Barcode -->
