<?xml version="1.0" encoding="UTF-8"?>
<!-- Generated by org.testng.reporters.JUnitReportReporter -->
<testsuite hostname="Desktop-22" failures="0" tests="1" name="Dashboard.Create_Account_Test_Cases.TC_04_Verify_Mandatory_Fields" time="6.280" errors="0" timestamp="2025-08-05T12:25:57 IST" skipped="0">
  <testcase classname="Dashboard.Create_Account_Test_Cases.TC_04_Verify_Mandatory_Fields" name="TC_04_Verify_mandatory_fields" time="6.280"/>
  <system-out/>
</testsuite> <!-- Dashboard.Create_Account_Test_Cases.TC_04_Verify_Mandatory_Fields -->
