<?xml version="1.0" encoding="UTF-8"?>
<!-- Generated by org.testng.reporters.JUnitReportReporter -->
<testsuite hostname="Desktop-22" failures="0" tests="1" name="Dashboard.Activate_Test_Kit_Test_Cases.TC_07_Verify_Invalid_Tracking_Number" time="15.418" errors="0" timestamp="2025-07-31T18:26:01 IST" skipped="0">
  <testcase classname="Dashboard.Activate_Test_Kit_Test_Cases.TC_07_Verify_Invalid_Tracking_Number" name="TC_07_Verify_invalid_tracking_number_for_kit_activation_process" time="15.418"/>
  <system-out/>
</testsuite> <!-- Dashboard.Activate_Test_Kit_Test_Cases.TC_07_Verify_Invalid_Tracking_Number -->
