<?xml version="1.0" encoding="UTF-8"?>
<!-- Generated by org.testng.reporters.JUnitReportReporter -->
<testsuite hostname="Desktop-22" failures="0" tests="1" name="Dashboard.Activate_Test_Kit_Test_Cases.TC_21_Verify_System_Correctly_Handles_Browser_Back_Button_Behavior" time="23.992" errors="0" timestamp="2025-07-31T18:26:01 IST" skipped="0">
  <testcase classname="Dashboard.Activate_Test_Kit_Test_Cases.TC_21_Verify_System_Correctly_Handles_Browser_Back_Button_Behavior" name="TC_20_Verify_system_correctly_handles_browser_back_button_behavior" time="23.992"/>
  <system-out/>
</testsuite> <!-- Dashboard.Activate_Test_Kit_Test_Cases.TC_21_Verify_System_Correctly_Handles_Browser_Back_Button_Behavior -->
